======================================================
 - pinning rule in use   : PINNING_RULE_MCALC_SKIP_ALL
 - desired group         : 0, sockets = 0
 - num cores available   : 8
 - num accessible procs          : 8
 - num logical procs             : 8
 - affinity (main thread)        : 11111111
 - sockets                       : 0
 - potential cores               : 0,2,4,6
 - affinity                      : 10101010
 - core list                  (3): 0,2,4,6
 - active cores          : 0,2,4,6
 - hyperthreading        : on
 - allowed core ids      : 0,2,4,6
 - allowed core ids (aff): 1010 1010 
 - used mask (string)    : 1010 1010 
======================================================

=========================================================================
Version: 2022.4 Release from 2022-04-26 (change 967892) [Release]
Workflow: QQ-Facets
Operation: [acis, fpba, bg, connectivity-tree]
Architecture: Windows, ID: AMD64
System Windows-64bit
Using processor group 0/1
HEX Mesh information:
Hex mesh: global: [hxr o(0 | 0 | 0) s(55 | 47 | 17) np (no TSTs): 43945] 
=========================================================================

>>>>>>>>>>>>>>>>>>>>>>>>>>>>>
2023 Nov 15 (Wed):  15:02:10
started: processing CAD model
>>>>>>>>>>>>>>>>>>>>>>>>>>>>>

========================================================================
Processing CAD model (for field results)
	[Improved internal geometry representation]
	[Accuracy improvement for long shapes in inhomogeneous mesh regions]
Version 2022.4 (build 20220426)
PBA version 2022042622
Sub-Workflow: Facets-QQ-GEX
Workflow updated: -
2023 Nov 15 (Wed):  15:02:10
========================================================================

===========================================
Finished CAD processing (for field results)
===========================================

<<<<<<<<<<<<<<<<<<<<<<<<<<<<<<<<<<<<<<<<<<
2023 Nov 15 (Wed):  15:02:10
Resource usage for processing CAD model:
	Runtime                 00:00:00.00198
	Peak Memory Usage:               19 MB
<<<<<<<<<<<<<<<<<<<<<<<<<<<<<<<<<<<<<<<<<<

------------------------------------------------------------------------------------------------------------------------------
PBAMeshFeedback - InfoMap: 0[ms] - SBCell navigation: Using legacy edges - CornerCorrectionLinesAndWires: 0[ms] - Write: 2[ms]
------------------------------------------------------------------------------------------------------------------------------

Frontend-Node:  =======================================================================
                FPBA has been activated in order to calculate connectivity information.
                =======================================================================

>>>>>>>>>>>>>>>>>>>>>>>>>>>>>>>>
2023 Nov 15 (Wed):  15:02:52
started: parallelization control
>>>>>>>>>>>>>>>>>>>>>>>>>>>>>>>>

======================================================
 - pinning rule in use   : PINNING_RULE_MCALC_SKIP_ALL
 - desired group         : 0, sockets = 0
 - num cores available   : 8
 - num accessible procs          : 8
 - num logical procs             : 8
 - affinity (main thread)        : 11111111
 - sockets                       : 0
 - potential cores               : 0,2,4,6
 - affinity                      : 10101010
 - core list                  (3): 0,2,4,6
 - active cores          : 0,2,4,6
 - hyperthreading        : on
 - allowed core ids      : 0,2,4,6
 - allowed core ids (aff): 1010 1010 
 - used mask (string)    : 1010 1010 
======================================================

=========================================================================
Version: 2022.4 Release from 2022-04-26 (change 967892) [Release]
Workflow: QQ-Facets
Operation: [acis, fpba, bg]
Architecture: Windows, ID: AMD64
System Windows-64bit
Using processor group 0/1
HEX Mesh information:
Hex mesh: global: [hxr o(0 | 0 | 0) s(55 | 47 | 17) np (no TSTs): 43945] 
=========================================================================

>>>>>>>>>>>>>>>>>>>>>>>>>>>>>
2023 Nov 15 (Wed):  15:02:53
started: processing CAD model
>>>>>>>>>>>>>>>>>>>>>>>>>>>>>

========================================================================
Processing CAD model
	[Improved internal geometry representation]
	[Accuracy improvement for long shapes in inhomogeneous mesh regions]
Version 2022.4 (build 20220426)
PBA version 2022042622
Sub-Workflow: Facets-QQ
Workflow updated: -
2023 Nov 15 (Wed):  15:02:53
========================================================================

----------------------------------------------
Used point accuracy enhancement value: 75.00%.
----------------------------------------------

=============================================================================
Mesh statistics:
-----------------------------------------------------------------------------
Minimum edge length (x): 1.5 @ mesh line 16 (x)
Maximum edge length (x): 8.44 @ mesh line 53 (x)
Minimum face area (x): 2.54 @ mesh lines 37 | 7 (y | z)
Maximum face area (x): 87.8 @ mesh lines 3 | 15 (y | z)
Minimum edge length (y): 1.59 @ mesh line 37 (y)
Maximum edge length (y): 9.37 @ mesh line 3 (y)
Minimum face area (y): 2.4 @ mesh lines 7 | 16 (z | x)
Maximum face area (y): 79 @ mesh lines 15 | 53 (z | x)
Minimum edge length (z): 1.6 @ mesh line 7 (z)
Maximum edge length (z): 9.37 @ mesh line 15 (z)
Minimum face area (z): 2.39 @ mesh lines 16 | 37 (x | y)
Maximum face area (z): 79 @ mesh lines 53 | 3 (x | y)
Maximum mesh face aspect ratio (x): 5.9 : 1.0  @ mesh lines 37 | 15 (y | z)
Maximum mesh face aspect ratio (y): 6.23 : 1.0  @ mesh lines 15 | 16 (z | x)
Maximum mesh face aspect ratio (z): 6.23 : 1.0  @ mesh lines 16 | 3 (x | y)
=============================================================================

=============================================================================
Available resources to store TST cells: 2147439702 (4886653.09% of mesh size)
=============================================================================

************************************************************************************************
General settings
	PBA version: default
------------------------------------------------------------------------------------------------
Geometry processor: default
	Geo accuracy: 75.000000
	Watertightness check: true
	Self intersection check: false
	Inheritance (all): false
	Normal dominance (all): false
	Normal dominance (ports): false
	Flanges hollow: true
	One shape per flange: false
	Multi threading: true
		max # of threads used: 8
		requested max # of threads: 8
		representation: indexed
		method: multi thread
		retry: no
------------------------------------------------------------------------------------------------
Connectivity settings
	Workflow selection: 0
	Workflow version: 20190101
	Gap detection: true
	Gap detection version: 2
	TST version: 2
	QQ workflow: true
	CoCo workflow: true
	Legacy topology: false
	Connectivity check: true
------------------------------------------------------------------------------------------------
************************************************************************************************

------------------------------------------------------------------------------------------------
Geometry processing log
	PEC background is represented by CAD geometry: false
	Background shape: used
	Multithread portion: 100.00
	Number of CAD shapes: 3
	Number of lumps: 0
------------------------------------------------------------------------------------------------
===================================================================================================
== CST Matrix Calculation Priority Log
===================================================================================================
 
Priorities are sorted in ascending order beginning with the lowest priority
 
Priority-group: 1, shape 4: </cst/Boundaries/> Low^X,   material: $NFSMaterial$,  user-priority: 0.000000,   material-attributes: normal.vacuum,  shape-attributes: boundary,    scheme type:FIT_TD
Priority-group: 1, shape 5: </cst/Boundaries/> Low^Y,   material: $NFSMaterial$,  user-priority: 0.000000,   material-attributes: normal.vacuum,  shape-attributes: boundary,    scheme type:FIT_TD
Priority-group: 1, shape 6: </cst/Boundaries/> Low^Z,   material: $NFSMaterial$,  user-priority: 0.000000,   material-attributes: normal.vacuum,  shape-attributes: boundary,    scheme type:FIT_TD
Priority-group: 1, shape 7: </cst/Boundaries/> Up^X,    material: $NFSMaterial$,  user-priority: 0.000000,   material-attributes: normal.vacuum,  shape-attributes: boundary,    scheme type:FIT_TD
Priority-group: 1, shape 8: </cst/Boundaries/> Up^Y,    material: $NFSMaterial$,  user-priority: 0.000000,   material-attributes: normal.vacuum,  shape-attributes: boundary,    scheme type:FIT_TD
Priority-group: 1, shape 9: </cst/Boundaries/> Up^Z,    material: $NFSMaterial$,  user-priority: 0.000000,   material-attributes: normal.vacuum,  shape-attributes: boundary,    scheme type:FIT_TD
Priority-group: 2, shape 3: substrate:substrate,    material: FR-4 (lossy),   user-priority: 0.000000,   2D/3D-geometry: true, material-attributes: dispersive-mue.normal,  shape-attributes: solid,   scheme type:FIT_TD
Priority-group: 3, shape 1: feedline:feedline,  material: Copper (annealed),  user-priority: 0.000000,   2D/3D-geometry: true, material-attributes: pec.rho.surface-impedance,  shape-attributes: solid,   scheme type:FIT_TD
Priority-group: 3, shape 2: ground:ground,  material: Copper (annealed),  user-priority: 0.000000,   2D/3D-geometry: true, material-attributes: pec.rho.surface-impedance,  shape-attributes: solid,   scheme type:FIT_TD
 
===================================================================================================
 
=======================
Finished CAD processing
=======================

<<<<<<<<<<<<<<<<<<<<<<<<<<<<<<<<<<<<<<<<<<
2023 Nov 15 (Wed):  15:02:53
Resource usage for processing CAD model:
	Runtime                 00:00:00.00289
	Peak Memory Usage:               19 MB
<<<<<<<<<<<<<<<<<<<<<<<<<<<<<<<<<<<<<<<<<<

------------------------------------------------------------
Parallelization Info
------------------------------------------------------------
Hyperthreading active: true
Hyperthreading used: false
Number of concurrent threads: 1
Number of node domains: 1
Domains-to-threads scaling: 2
Average FI domain size: 5e+03
Nice mode: true
Delayed matrix calculation start: false
Load balancing: Version 20090403
Number of mesh fill domains: 8
Memory downscale: 1
CPU load: 25.00%
Emptiness: 0.00%
Hex mesh complexity: 0.03974
Geometric complexity: 0.00112
lower size limit of domain (1D): 60
------------------------------------------------------------
Node order
0
------------------------------------------------------------

------------------------------------------------------------------
Matrix calculation job submit section 0
Currently running jobs: 0
Waiting jobs: 1
Concurrency for section: 1/1
Matrix calculation node 0
	Mesh coverage: 3974400.00 %
	Estimated peak memory usage per node: 35 MB, tightness: 2.49 %
	Processor group: 0
------------------------------------------------------------------

===========================================
Data rearrangement statistics:
Disk IO directories:	00:00:00.0000
Disk IO node domain files:	00:00:00.0026
Disk IO FI domain files:	00:00:00.0000
Disk IO meta information:	00:00:00.0000
Sequential merge (TST):	00:00:00.0055
===========================================

1xN000:  ==========================================================================
          - pinning rule in use   : PINNING_RULE_MCALC_SKIP_ALL
          - desired group         : 0, sockets = 0
          - num cores available   : 8
          - num accessible procs          : 8
          - num logical procs             : 8
          - affinity (main thread)        : 11111111
          - sockets                       : 0
          - potential cores               : 0,1,2,3,4,5,6,7
          - affinity                      : 11111111
          - core list                  (3): 0,1,2,3,4,5,6,7
          - active cores          : 0,1,2,3,4,5,6,7
          - hyperthreading        : on
          - skip pinning: + allowed number of sockets = available number of sockets
                          + hyperthreading allowed by solver
         ==========================================================================

1xN000:  ===================================================================================================
         Version: 2022.4 Release from 2022-04-26 (change 967892) [Release]
         Workflow: PBA matrix coefficients
         Operation: [fpba, meshfill, bg, port-path, tst, tst-nextgen, coeff, surface-imp, connectivity-tree]
         Architecture: Windows, ID: AMD64
         System Windows-64bit
         Using processor group 0/1
         HEX Mesh information:
         Hex mesh: global: [hxr o(0 | 0 | 0) s(55 | 47 | 17) np (no TSTs): 43945]
         ===================================================================================================

1xN000:  ------------------------------------------------------
         Memory status  on node "1xN000" for matrix calculation
         	Estimated memory consumption: 0.0346816 GB
         	Physical memory installed: 8.29926 GB
         	Available physical memory: 1.375 GB
         	Available relative memory: 16.5677%s
         ------------------------------------------------------

1xN000:  >>>>>>>>>>>>>>>>>>>>>>>>>>>>>>>>>>>>>>>>>>>>>>>>>
         2023 Nov 15 (Wed):  15:02:54
         started: calculating matrix coefficients per node
         >>>>>>>>>>>>>>>>>>>>>>>>>>>>>>>>>>>>>>>>>>>>>>>>>

1xN000:  ================================================================
         Matrix computation (PBA)
         	[PERFECT BOUNDARY APPROXIMATION (PBA) (R), version: default]
         	[GPU acceleration: off (by user)]
         Version 2022.4 (build 20220426)
         PBA version 2022042622
         Sub-Workflow: FARM-1xN-TST2-Node
         Workflow updated: -
         2023 Nov 15 (Wed):  15:02:54
         ================================================================

1xN000:  ----------------------------------------------
         Used point accuracy enhancement value: 75.00%.
         ----------------------------------------------

1xN000:  FARM allocation scheme: BBM
1xN000:  Gap-Detection activated for FARM-topology. Gaps are resolved, even partially.: gap tolerance value is 0.001000 and mesh geometry scale is 0.001000
1xN000:
1xN000:



1xN000:  ----------------------
         Acceleration mode: CPU
         ----------------------

1xN000:  Port homogenization method: M2H point index deviation
1xN000:  cccccccccccccccccccccccccccccccccccccccccccccccccccccccccccccccccccc
         FARM/Meshfill cache is set to 8 (local FI domains: 8, dynamic: true)
         cccccccccccccccccccccccccccccccccccccccccccccccccccccccccccccccccccc

1xN000:  =============================================================
         Hex cell analyzer settings:
         	max number of E fields per mesh edge: 2
         	max number of H fields per mesh face: 4
         	supporting dual grid: false
         	performance improvement: ROI limit: true
         	performance improvement: ROI threshold: 2
         	performance improvement: single topology extraction: true
         	performance improvement: pre-categorize cell volume: true
         	periodic align: 0
         	periodic cells: true
         	homogenization version: pid
         =============================================================

1xN000:  ssssssssssssssssssssssssssssssssssssssssss
         # of curls with SI accuracy enhancement: 0
         ssssssssssssssssssssssssssssssssssssssssss

1xN000:  ------------------------------------------------------------------------------
         PBA fill limit is applied in inverse mode.
         PBA fill limit is applied on faces filled with at least 99.00% metal material.
         --------------------------------------------------------------
         detailed accuracy settings:
         --------------------------------------------------------------
         augmented fill limit:       true
         augmented fill limit value: 99.00
         automatic fill limit:       true
         early fill limit:           true
         inverse fill limit:         true
         model complexity:           0.00
         legacy 2015:                false
         fixed point accuracy:       false
         minimum point accuracy:     0
         mesh step inheritance:      false
         accuracy mode:
         ------------------------------------------------------------------------------

1xN000:  --------------------------------------
         Glued 0 metal grid points in port area
         --------------------------------------

1xN000:  =================================
         Finished matrix computation (PBA)
         =================================

1xN000:  <<<<<<<<<<<<<<<<<<<<<<<<<<<<<<<<<<<<<<<<<<<<<<<<<<<<<<<<<<<<
         2023 Nov 15 (Wed):  15:03:02
         Resource usage for calculating matrix coefficients per node:
         	Runtime                          00:00:08.00613
         	Peak Memory Estimation:                   35 MB
         	Peak Memory Usage:                        80 MB
         <<<<<<<<<<<<<<<<<<<<<<<<<<<<<<<<<<<<<<<<<<<<<<<<<<<<<<<<<<<<



<<<<<<<<<<<<<<<<<<<<<<<<<<<<<<<<<<<<<<<<<<<<<<<
2023 Nov 15 (Wed):  15:03:06
Resource usage for parallelization control:
	Runtime                      00:00:13.00271
<<<<<<<<<<<<<<<<<<<<<<<<<<<<<<<<<<<<<<<<<<<<<<<

------------------------------------------------------------------------------------------------------------------------------
PBAMeshFeedback - InfoMap: 0[ms] - SBCell navigation: Using legacy edges - CornerCorrectionLinesAndWires: 0[ms] - Write: 1[ms]
ConnectivityAXG - Load: 2[ms] - Setup: 2[ms] - Convert: 0[ms] ( Groups: 2 - Shapes: 3 - Threads: 4 ) - Write: 1[ms]
------------------------------------------------------------------------------------------------------------------------------

--------------------------------
# of staircase filled cells: 0
# of staircase filled areas: 0
# of staircase filled edges: 0
# of faces above fill limit: 0
# of edges with FPBA topology: 0
--------------------------------

--------------------------------
# of staircase filled cells: 0
# of staircase filled areas: 0
# of staircase filled edges: 0
# of faces above fill limit: 0
# of edges with FPBA topology: 0
--------------------------------

--------------------------------
# of staircase filled cells: 0
# of staircase filled areas: 0
# of staircase filled edges: 0
# of faces above fill limit: 0
# of edges with FPBA topology: 0
--------------------------------

